[debug] [2021-08-04T05:58:04.969Z] ----------------------------------------------------------------------
[debug] [2021-08-04T05:58:04.971Z] Command:       D:\softwares\node.exe D:\softwares\node_modules\firebase-tools\lib\bin\firebase.js init
[debug] [2021-08-04T05:58:04.972Z] CLI Version:   9.16.0
[debug] [2021-08-04T05:58:04.972Z] Platform:      win32
[debug] [2021-08-04T05:58:04.972Z] Node Version:  v14.15.5
[debug] [2021-08-04T05:58:04.975Z] Time:          Wed Aug 04 2021 11:28:04 GMT+0530 (India Standard Time)
[debug] [2021-08-04T05:58:04.976Z] ----------------------------------------------------------------------
[debug] 
[debug] [2021-08-04T05:58:05.083Z] > command requires scopes: ["email","openid","https://www.googleapis.com/auth/cloudplatformprojects.readonly","https://www.googleapis.com/auth/firebase","https://www.googleapis.com/auth/cloud-platform"]
[debug] [2021-08-04T05:58:05.083Z] > authorizing via signed-in user (sanskritijain1012@gmail.com)
[info] 
     ######## #### ########  ######## ########     ###     ######  ########
     ##        ##  ##     ## ##       ##     ##  ##   ##  ##       ##
     ######    ##  ########  ######   ########  #########  ######  ######
     ##        ##  ##    ##  ##       ##     ## ##     ##       ## ##
     ##       #### ##     ## ######## ########  ##     ##  ######  ########

You're about to initialize a Firebase project in this directory:

  F:\extra\pipeline\evernote

Before we get started, keep in mind:

  * You are initializing within an existing Firebase project directory

[info] 
=== Project Setup
[info] 
[info] First, let's associate this project directory with a Firebase project.
[info] You can create multiple project aliases by running firebase use --add, 
[info] but for now we'll just set up a default project.
[info] 
[info] i  .firebaserc already has a default project, using fir-c2e71. 
[debug] [2021-08-04T05:59:07.366Z] >>> [apiv2][query] GET https://firebase.googleapis.com/v1beta1/projects/fir-c2e71 [none]
[debug] [2021-08-04T05:59:07.818Z] <<< [apiv2][status] GET https://firebase.googleapis.com/v1beta1/projects/fir-c2e71 200
[debug] [2021-08-04T05:59:07.818Z] <<< [apiv2][body] GET https://firebase.googleapis.com/v1beta1/projects/fir-c2e71 {"projectId":"fir-c2e71","projectNumber":"685742023131","displayName":"amazon","name":"projects/fir-c2e71","resources":{"hostingSite":"fir-c2e71","realtimeDatabaseInstance":"fir-c2e71-default-rtdb"},"state":"ACTIVE"}
[info] 
=== Hosting Setup
[info] 
[info] Your public directory is the folder (relative to your project directory) that
[info] will contain Hosting assets to be uploaded with firebase deploy. If you
[info] have a build process for your assets, use your build's output directory.
[info] 
